\BOOKMARK [0][-]{chapter.1}{\376\377\000N\000a\000m\000e\000s\000p\000a\000c\000e\000\040\000I\000n\000d\000e\000x}{}% 1
\BOOKMARK [1][-]{section.1.1}{\376\377\000P\000a\000c\000k\000a\000g\000e\000s}{chapter.1}% 2
\BOOKMARK [0][-]{chapter.2}{\376\377\000H\000i\000e\000r\000a\000r\000c\000h\000i\000c\000a\000l\000\040\000I\000n\000d\000e\000x}{}% 3
\BOOKMARK [1][-]{section.2.1}{\376\377\000C\000l\000a\000s\000s\000\040\000H\000i\000e\000r\000a\000r\000c\000h\000y}{chapter.2}% 4
\BOOKMARK [0][-]{chapter.3}{\376\377\000C\000l\000a\000s\000s\000\040\000I\000n\000d\000e\000x}{}% 5
\BOOKMARK [1][-]{section.3.1}{\376\377\000C\000l\000a\000s\000s\000\040\000L\000i\000s\000t}{chapter.3}% 6
\BOOKMARK [0][-]{chapter.4}{\376\377\000F\000i\000l\000e\000\040\000I\000n\000d\000e\000x}{}% 7
\BOOKMARK [1][-]{section.4.1}{\376\377\000F\000i\000l\000e\000\040\000L\000i\000s\000t}{chapter.4}% 8
\BOOKMARK [0][-]{chapter.5}{\376\377\000N\000a\000m\000e\000s\000p\000a\000c\000e\000\040\000D\000o\000c\000u\000m\000e\000n\000t\000a\000t\000i\000o\000n}{}% 9
\BOOKMARK [1][-]{section.5.1}{\376\377\000b\000a\000s\000k\000e\000t\000\040\000N\000a\000m\000e\000s\000p\000a\000c\000e\000\040\000R\000e\000f\000e\000r\000e\000n\000c\000e}{chapter.5}% 10
\BOOKMARK [2][-]{subsection.5.1.1}{\376\377\000F\000u\000n\000c\000t\000i\000o\000n\000\040\000D\000o\000c\000u\000m\000e\000n\000t\000a\000t\000i\000o\000n}{section.5.1}% 11
\BOOKMARK [3][-]{subsubsection.5.1.1.1}{\376\377\000i\000s\000\137\000b\000a\000s\000k\000e\000t\000\137\000m\000i\000d\000d\000l\000e}{subsection.5.1.1}% 12
\BOOKMARK [3][-]{subsubsection.5.1.1.2}{\376\377\000r\000u\000n}{subsection.5.1.1}% 13
\BOOKMARK [3][-]{subsubsection.5.1.1.3}{\376\377\000r\000u\000n\000\137\000m\000i\000d\000d\000l\000e}{subsection.5.1.1}% 14
\BOOKMARK [2][-]{subsection.5.1.2}{\376\377\000V\000a\000r\000i\000a\000b\000l\000e\000\040\000D\000o\000c\000u\000m\000e\000n\000t\000a\000t\000i\000o\000n}{section.5.1}% 15
\BOOKMARK [3][-]{subsubsection.5.1.2.1}{\376\377\000b\000a\000s\000e\000\137\000f\000i\000l\000e\000n\000a\000m\000e}{subsection.5.1.2}% 16
\BOOKMARK [3][-]{subsubsection.5.1.2.2}{\376\377\000i\000m\000a\000g\000e\000\137\000h\000a\000l\000f\000\137\000s\000i\000z\000e}{subsection.5.1.2}% 17
\BOOKMARK [3][-]{subsubsection.5.1.2.3}{\376\377\000p\000a\000r\000t\000i\000c\000l\000e\000\137\000f\000i\000l\000t\000e\000r}{subsection.5.1.2}% 18
\BOOKMARK [3][-]{subsubsection.5.1.2.4}{\376\377\000s\000a\000v\000e\000\137\000c\000o\000u\000n\000t}{subsection.5.1.2}% 19
\BOOKMARK [1][-]{section.5.2}{\376\377\000b\000a\000s\000k\000e\000t\000\137\000r\000u\000n\000n\000e\000r\000\040\000N\000a\000m\000e\000s\000p\000a\000c\000e\000\040\000R\000e\000f\000e\000r\000e\000n\000c\000e}{chapter.5}% 20
\BOOKMARK [1][-]{section.5.3}{\376\377\000b\000a\000s\000k\000e\000t\000\137\000t\000e\000s\000t\000\040\000N\000a\000m\000e\000s\000p\000a\000c\000e\000\040\000R\000e\000f\000e\000r\000e\000n\000c\000e}{chapter.5}% 21
\BOOKMARK [2][-]{subsection.5.3.1}{\376\377\000F\000u\000n\000c\000t\000i\000o\000n\000\040\000D\000o\000c\000u\000m\000e\000n\000t\000a\000t\000i\000o\000n}{section.5.3}% 22
\BOOKMARK [3][-]{subsubsection.5.3.1.1}{\376\377\000b\000a\000s\000k\000e\000t\000M\000i\000s\000s\000i\000n\000g}{subsection.5.3.1}% 23
\BOOKMARK [3][-]{subsubsection.5.3.1.2}{\376\377\000b\000a\000s\000k\000e\000t\000P\000r\000e\000s\000e\000n\000t}{subsection.5.3.1}% 24
\BOOKMARK [3][-]{subsubsection.5.3.1.3}{\376\377\000u\000n\000i\000t\000T\000e\000s\000t}{subsection.5.3.1}% 25
\BOOKMARK [1][-]{section.5.4}{\376\377\000e\000x\000p\000e\000r\000i\000m\000e\000n\000t\000\040\000N\000a\000m\000e\000s\000p\000a\000c\000e\000\040\000R\000e\000f\000e\000r\000e\000n\000c\000e}{chapter.5}% 26
\BOOKMARK [2][-]{subsection.5.4.1}{\376\377\000D\000e\000t\000a\000i\000l\000e\000d\000\040\000D\000e\000s\000c\000r\000i\000p\000t\000i\000o\000n}{section.5.4}% 27
\BOOKMARK [2][-]{subsection.5.4.2}{\376\377\000F\000u\000n\000c\000t\000i\000o\000n\000\040\000D\000o\000c\000u\000m\000e\000n\000t\000a\000t\000i\000o\000n}{section.5.4}% 28
\BOOKMARK [3][-]{subsubsection.5.4.2.1}{\376\377\000b\000i\000n\000a\000r\000y\000\137\000m\000a\000s\000k}{subsection.5.4.2}% 29
\BOOKMARK [3][-]{subsubsection.5.4.2.2}{\376\377\000b\000l\000o\000b\000s\000\137\000b\000y\000\137\000m\000a\000s\000k}{subsection.5.4.2}% 30
\BOOKMARK [3][-]{subsubsection.5.4.2.3}{\376\377\000d\000i\000l\000a\000t\000i\000o\000n\000\137\000a\000n\000d\000\137\000b\000l\000u\000r}{subsection.5.4.2}% 31
\BOOKMARK [3][-]{subsubsection.5.4.2.4}{\376\377\000e\000x\000p\000e\000r\000i\000m\000e\000n\000t}{subsection.5.4.2}% 32
\BOOKMARK [3][-]{subsubsection.5.4.2.5}{\376\377\000h\000a\000r\000d\000\137\000t\000h\000r\000e\000s\000h\000o\000l\000d}{subsection.5.4.2}% 33
\BOOKMARK [1][-]{section.5.5}{\376\377\000i\000m\000a\000g\000e\000\137\000s\000u\000p\000p\000o\000r\000t\000\040\000N\000a\000m\000e\000s\000p\000a\000c\000e\000\040\000R\000e\000f\000e\000r\000e\000n\000c\000e}{chapter.5}% 34
\BOOKMARK [2][-]{subsection.5.5.1}{\376\377\000F\000u\000n\000c\000t\000i\000o\000n\000\040\000D\000o\000c\000u\000m\000e\000n\000t\000a\000t\000i\000o\000n}{section.5.5}% 35
\BOOKMARK [3][-]{subsubsection.5.5.1.1}{\376\377\000e\000x\000t\000e\000r\000n\000a\000l\000\137\000i\000n\000i\000t\000\137\000p\000a\000r\000t\000i\000c\000l\000e\000\137\000f\000i\000l\000t\000e\000r}{subsection.5.5.1}% 36
\BOOKMARK [3][-]{subsubsection.5.5.1.2}{\376\377\000g\000e\000t\000\137\000b\000e\000s\000t\000\137\000b\000l\000o\000b}{subsection.5.5.1}% 37
\BOOKMARK [3][-]{subsubsection.5.5.1.3}{\376\377\000g\000e\000t\000\137\000h\000u\000e\000\137\000b\000l\000o\000b\000s}{subsection.5.5.1}% 38
\BOOKMARK [3][-]{subsubsection.5.5.1.4}{\376\377\000i\000m\000a\000g\000e\000\137\000h\000u\000e\000\137\000f\000i\000l\000t\000e\000r}{subsection.5.5.1}% 39
\BOOKMARK [3][-]{subsubsection.5.5.1.5}{\376\377\000i\000s\000\137\000b\000l\000o\000b\000\137\000i\000n\000\137\000m\000i\000d\000d\000l\000e\000\137\000h\000e\000l\000p\000e\000r}{subsection.5.5.1}% 40
\BOOKMARK [1][-]{section.5.6}{\376\377\000p\000a\000r\000t\000i\000c\000l\000e\000f\000i\000l\000t\000e\000r\000\040\000N\000a\000m\000e\000s\000p\000a\000c\000e\000\040\000R\000e\000f\000e\000r\000e\000n\000c\000e}{chapter.5}% 41
\BOOKMARK [1][-]{section.5.7}{\376\377\000p\000r\000q\000u\000a\000d\000t\000r\000e\000e\000\040\000N\000a\000m\000e\000s\000p\000a\000c\000e\000\040\000R\000e\000f\000e\000r\000e\000n\000c\000e}{chapter.5}% 42
\BOOKMARK [2][-]{subsection.5.7.1}{\376\377\000D\000e\000t\000a\000i\000l\000e\000d\000\040\000D\000e\000s\000c\000r\000i\000p\000t\000i\000o\000n}{section.5.7}% 43
\BOOKMARK [1][-]{section.5.8}{\376\377\000p\000r\000q\000u\000a\000d\000t\000r\000e\000e\000\137\000t\000e\000s\000t\000\040\000N\000a\000m\000e\000s\000p\000a\000c\000e\000\040\000R\000e\000f\000e\000r\000e\000n\000c\000e}{chapter.5}% 44
\BOOKMARK [1][-]{section.5.9}{\376\377\000p\000r\000q\000u\000a\000d\000t\000r\000e\000e\000\137\000t\000e\000s\000t\000\137\000e\000x\000a\000m\000p\000l\000e\000\040\000N\000a\000m\000e\000s\000p\000a\000c\000e\000\040\000R\000e\000f\000e\000r\000e\000n\000c\000e}{chapter.5}% 45
\BOOKMARK [2][-]{subsection.5.9.1}{\376\377\000D\000e\000t\000a\000i\000l\000e\000d\000\040\000D\000e\000s\000c\000r\000i\000p\000t\000i\000o\000n}{section.5.9}% 46
\BOOKMARK [2][-]{subsection.5.9.2}{\376\377\000V\000a\000r\000i\000a\000b\000l\000e\000\040\000D\000o\000c\000u\000m\000e\000n\000t\000a\000t\000i\000o\000n}{section.5.9}% 47
\BOOKMARK [3][-]{subsubsection.5.9.2.1}{\376\377\000b}{subsection.5.9.2}% 48
\BOOKMARK [3][-]{subsubsection.5.9.2.2}{\376\377\000b\0002}{subsection.5.9.2}% 49
\BOOKMARK [3][-]{subsubsection.5.9.2.3}{\376\377\000c}{subsection.5.9.2}% 50
\BOOKMARK [3][-]{subsubsection.5.9.2.4}{\376\377\000n\000e\000a\000r\000b\000y}{subsection.5.9.2}% 51
\BOOKMARK [3][-]{subsubsection.5.9.2.5}{\376\377\000p\000t}{subsection.5.9.2}% 52
\BOOKMARK [3][-]{subsubsection.5.9.2.6}{\376\377\000q\000t}{subsection.5.9.2}% 53
\BOOKMARK [1][-]{section.5.10}{\376\377\000t\000e\000n\000n\000i\000s\000\137\000b\000a\000l\000l\000\040\000N\000a\000m\000e\000s\000p\000a\000c\000e\000\040\000R\000e\000f\000e\000r\000e\000n\000c\000e}{chapter.5}% 54
\BOOKMARK [2][-]{subsection.5.10.1}{\376\377\000D\000e\000t\000a\000i\000l\000e\000d\000\040\000D\000e\000s\000c\000r\000i\000p\000t\000i\000o\000n}{section.5.10}% 55
\BOOKMARK [2][-]{subsection.5.10.2}{\376\377\000F\000u\000n\000c\000t\000i\000o\000n\000\040\000D\000o\000c\000u\000m\000e\000n\000t\000a\000t\000i\000o\000n}{section.5.10}% 56
\BOOKMARK [3][-]{subsubsection.5.10.2.1}{\376\377\000i\000s\000\137\000b\000a\000l\000l\000\137\000m\000i\000d\000d\000l\000e}{subsection.5.10.2}% 57
\BOOKMARK [3][-]{subsubsection.5.10.2.2}{\376\377\000r\000u\000n}{subsection.5.10.2}% 58
\BOOKMARK [2][-]{subsection.5.10.3}{\376\377\000V\000a\000r\000i\000a\000b\000l\000e\000\040\000D\000o\000c\000u\000m\000e\000n\000t\000a\000t\000i\000o\000n}{section.5.10}% 59
\BOOKMARK [3][-]{subsubsection.5.10.3.1}{\376\377\000p\000a\000r\000t\000i\000c\000l\000e\000\137\000f\000i\000l\000t\000e\000r}{subsection.5.10.3}% 60
\BOOKMARK [1][-]{section.5.11}{\376\377\000t\000e\000n\000n\000i\000s\000\137\000b\000a\000l\000l\000\137\000r\000u\000n\000n\000e\000r\000\040\000N\000a\000m\000e\000s\000p\000a\000c\000e\000\040\000R\000e\000f\000e\000r\000e\000n\000c\000e}{chapter.5}% 61
\BOOKMARK [1][-]{section.5.12}{\376\377\000t\000e\000n\000n\000i\000s\000\137\000b\000a\000l\000l\000\137\000t\000e\000s\000t\000\040\000N\000a\000m\000e\000s\000p\000a\000c\000e\000\040\000R\000e\000f\000e\000r\000e\000n\000c\000e}{chapter.5}% 62
\BOOKMARK [2][-]{subsection.5.12.1}{\376\377\000F\000u\000n\000c\000t\000i\000o\000n\000\040\000D\000o\000c\000u\000m\000e\000n\000t\000a\000t\000i\000o\000n}{section.5.12}% 63
\BOOKMARK [3][-]{subsubsection.5.12.1.1}{\376\377\000b\000a\000l\000l\000M\000i\000s\000s\000i\000n\000g}{subsection.5.12.1}% 64
\BOOKMARK [3][-]{subsubsection.5.12.1.2}{\376\377\000b\000a\000l\000l\000P\000r\000e\000s\000e\000n\000t}{subsection.5.12.1}% 65
\BOOKMARK [3][-]{subsubsection.5.12.1.3}{\376\377\000u\000n\000i\000t\000T\000e\000s\000t}{subsection.5.12.1}% 66
\BOOKMARK [0][-]{chapter.6}{\376\377\000C\000l\000a\000s\000s\000\040\000D\000o\000c\000u\000m\000e\000n\000t\000a\000t\000i\000o\000n}{}% 67
\BOOKMARK [1][-]{section.6.1}{\376\377\000p\000r\000q\000u\000a\000d\000t\000r\000e\000e\000.\000B\000o\000x\000\040\000C\000l\000a\000s\000s\000\040\000R\000e\000f\000e\000r\000e\000n\000c\000e}{chapter.6}% 68
\BOOKMARK [2][-]{subsection.6.1.1}{\376\377\000D\000e\000t\000a\000i\000l\000e\000d\000\040\000D\000e\000s\000c\000r\000i\000p\000t\000i\000o\000n}{section.6.1}% 69
\BOOKMARK [2][-]{subsection.6.1.2}{\376\377\000C\000o\000n\000s\000t\000r\000u\000c\000t\000o\000r\000\040\000\046\000\040\000D\000e\000s\000t\000r\000u\000c\000t\000o\000r\000\040\000D\000o\000c\000u\000m\000e\000n\000t\000a\000t\000i\000o\000n}{section.6.1}% 70
\BOOKMARK [3][-]{subsubsection.6.1.2.1}{\376\377\000\137\000\137\000i\000n\000i\000t\000\137\000\137}{subsection.6.1.2}% 71
\BOOKMARK [2][-]{subsection.6.1.3}{\376\377\000M\000e\000m\000b\000e\000r\000\040\000F\000u\000n\000c\000t\000i\000o\000n\000\040\000D\000o\000c\000u\000m\000e\000n\000t\000a\000t\000i\000o\000n}{section.6.1}% 72
\BOOKMARK [3][-]{subsubsection.6.1.3.1}{\376\377\000c\000o\000n\000t\000a\000i\000n\000s\000\137\000p\000o\000i\000n\000t}{subsection.6.1.3}% 73
\BOOKMARK [3][-]{subsubsection.6.1.3.2}{\376\377\000i\000n\000t\000e\000r\000s\000e\000c\000t}{subsection.6.1.3}% 74
\BOOKMARK [2][-]{subsection.6.1.4}{\376\377\000M\000e\000m\000b\000e\000r\000\040\000D\000a\000t\000a\000\040\000D\000o\000c\000u\000m\000e\000n\000t\000a\000t\000i\000o\000n}{section.6.1}% 75
\BOOKMARK [3][-]{subsubsection.6.1.4.1}{\376\377\000c\000e\000n\000t\000e\000r}{subsection.6.1.4}% 76
\BOOKMARK [3][-]{subsubsection.6.1.4.2}{\376\377\000h\000a\000l\000f\000\137\000s\000i\000z\000e}{subsection.6.1.4}% 77
\BOOKMARK [1][-]{section.6.2}{\376\377\000p\000r\000q\000u\000a\000d\000t\000r\000e\000e\000.\000P\000a\000r\000t\000i\000c\000l\000e\000\040\000C\000l\000a\000s\000s\000\040\000R\000e\000f\000e\000r\000e\000n\000c\000e}{chapter.6}% 78
\BOOKMARK [2][-]{subsection.6.2.1}{\376\377\000D\000e\000t\000a\000i\000l\000e\000d\000\040\000D\000e\000s\000c\000r\000i\000p\000t\000i\000o\000n}{section.6.2}% 79
\BOOKMARK [2][-]{subsection.6.2.2}{\376\377\000C\000o\000n\000s\000t\000r\000u\000c\000t\000o\000r\000\040\000\046\000\040\000D\000e\000s\000t\000r\000u\000c\000t\000o\000r\000\040\000D\000o\000c\000u\000m\000e\000n\000t\000a\000t\000i\000o\000n}{section.6.2}% 80
\BOOKMARK [3][-]{subsubsection.6.2.2.1}{\376\377\000\137\000\137\000i\000n\000i\000t\000\137\000\137}{subsection.6.2.2}% 81
\BOOKMARK [2][-]{subsection.6.2.3}{\376\377\000M\000e\000m\000b\000e\000r\000\040\000D\000a\000t\000a\000\040\000D\000o\000c\000u\000m\000e\000n\000t\000a\000t\000i\000o\000n}{section.6.2}% 82
\BOOKMARK [3][-]{subsubsection.6.2.3.1}{\376\377\000s\000c\000o\000r\000e}{subsection.6.2.3}% 83
\BOOKMARK [3][-]{subsubsection.6.2.3.2}{\376\377\000x}{subsection.6.2.3}% 84
\BOOKMARK [3][-]{subsubsection.6.2.3.3}{\376\377\000y}{subsection.6.2.3}% 85
\BOOKMARK [1][-]{section.6.3}{\376\377\000p\000a\000r\000t\000i\000c\000l\000e\000f\000i\000l\000t\000e\000r\000.\000P\000a\000r\000t\000i\000c\000l\000e\000F\000i\000l\000t\000e\000r\000\040\000C\000l\000a\000s\000s\000\040\000R\000e\000f\000e\000r\000e\000n\000c\000e}{chapter.6}% 86
\BOOKMARK [2][-]{subsection.6.3.1}{\376\377\000C\000o\000n\000s\000t\000r\000u\000c\000t\000o\000r\000\040\000\046\000\040\000D\000e\000s\000t\000r\000u\000c\000t\000o\000r\000\040\000D\000o\000c\000u\000m\000e\000n\000t\000a\000t\000i\000o\000n}{section.6.3}% 87
\BOOKMARK [3][-]{subsubsection.6.3.1.1}{\376\377\000\137\000\137\000i\000n\000i\000t\000\137\000\137}{subsection.6.3.1}% 88
\BOOKMARK [2][-]{subsection.6.3.2}{\376\377\000M\000e\000m\000b\000e\000r\000\040\000F\000u\000n\000c\000t\000i\000o\000n\000\040\000D\000o\000c\000u\000m\000e\000n\000t\000a\000t\000i\000o\000n}{section.6.3}% 89
\BOOKMARK [3][-]{subsubsection.6.3.2.1}{\376\377\000c\000l\000e\000a\000r\000\137\000s\000c\000o\000r\000e\000s}{subsection.6.3.2}% 90
\BOOKMARK [3][-]{subsubsection.6.3.2.2}{\376\377\000i\000t\000e\000r\000a\000t\000e}{subsection.6.3.2}% 91
\BOOKMARK [3][-]{subsubsection.6.3.2.3}{\376\377\000s\000c\000o\000r\000e}{subsection.6.3.2}% 92
\BOOKMARK [2][-]{subsection.6.3.3}{\376\377\000M\000e\000m\000b\000e\000r\000\040\000D\000a\000t\000a\000\040\000D\000o\000c\000u\000m\000e\000n\000t\000a\000t\000i\000o\000n}{section.6.3}% 93
\BOOKMARK [3][-]{subsubsection.6.3.3.1}{\376\377\000i\000m\000a\000g\000e\000\137\000b\000o\000x}{subsection.6.3.3}% 94
\BOOKMARK [3][-]{subsubsection.6.3.3.2}{\376\377\000i\000t\000e\000r\000a\000t\000i\000o\000n\000s}{subsection.6.3.3}% 95
\BOOKMARK [3][-]{subsubsection.6.3.3.3}{\376\377\000i\000t\000e\000r\000a\000t\000i\000o\000n\000s\000\137\000b\000e\000f\000o\000r\000e\000\137\000c\000l\000e\000a\000r\000i\000n\000g}{subsection.6.3.3}% 96
\BOOKMARK [3][-]{subsubsection.6.3.3.4}{\376\377\000p\000r\000\137\000t\000r\000e\000e}{subsection.6.3.3}% 97
\BOOKMARK [1][-]{section.6.4}{\376\377\000p\000r\000q\000u\000a\000d\000t\000r\000e\000e\000.\000P\000o\000i\000n\000t\000\040\000C\000l\000a\000s\000s\000\040\000R\000e\000f\000e\000r\000e\000n\000c\000e}{chapter.6}% 98
\BOOKMARK [2][-]{subsection.6.4.1}{\376\377\000D\000e\000t\000a\000i\000l\000e\000d\000\040\000D\000e\000s\000c\000r\000i\000p\000t\000i\000o\000n}{section.6.4}% 99
\BOOKMARK [2][-]{subsection.6.4.2}{\376\377\000C\000o\000n\000s\000t\000r\000u\000c\000t\000o\000r\000\040\000\046\000\040\000D\000e\000s\000t\000r\000u\000c\000t\000o\000r\000\040\000D\000o\000c\000u\000m\000e\000n\000t\000a\000t\000i\000o\000n}{section.6.4}% 100
\BOOKMARK [3][-]{subsubsection.6.4.2.1}{\376\377\000\137\000\137\000i\000n\000i\000t\000\137\000\137}{subsection.6.4.2}% 101
\BOOKMARK [2][-]{subsection.6.4.3}{\376\377\000M\000e\000m\000b\000e\000r\000\040\000F\000u\000n\000c\000t\000i\000o\000n\000\040\000D\000o\000c\000u\000m\000e\000n\000t\000a\000t\000i\000o\000n}{section.6.4}% 102
\BOOKMARK [3][-]{subsubsection.6.4.3.1}{\376\377\000\137\000\137\000r\000e\000p\000r\000\137\000\137}{subsection.6.4.3}% 103
\BOOKMARK [3][-]{subsubsection.6.4.3.2}{\376\377\000\137\000\137\000s\000t\000r\000\137\000\137}{subsection.6.4.3}% 104
\BOOKMARK [2][-]{subsection.6.4.4}{\376\377\000M\000e\000m\000b\000e\000r\000\040\000D\000a\000t\000a\000\040\000D\000o\000c\000u\000m\000e\000n\000t\000a\000t\000i\000o\000n}{section.6.4}% 105
\BOOKMARK [3][-]{subsubsection.6.4.4.1}{\376\377\000x}{subsection.6.4.4}% 106
\BOOKMARK [3][-]{subsubsection.6.4.4.2}{\376\377\000y}{subsection.6.4.4}% 107
\BOOKMARK [1][-]{section.6.5}{\376\377\000p\000r\000q\000u\000a\000d\000t\000r\000e\000e\000.\000P\000R\000Q\000u\000a\000d\000T\000r\000e\000e\000\040\000C\000l\000a\000s\000s\000\040\000R\000e\000f\000e\000r\000e\000n\000c\000e}{chapter.6}% 108
\BOOKMARK [2][-]{subsection.6.5.1}{\376\377\000D\000e\000t\000a\000i\000l\000e\000d\000\040\000D\000e\000s\000c\000r\000i\000p\000t\000i\000o\000n}{section.6.5}% 109
\BOOKMARK [2][-]{subsection.6.5.2}{\376\377\000C\000o\000n\000s\000t\000r\000u\000c\000t\000o\000r\000\040\000\046\000\040\000D\000e\000s\000t\000r\000u\000c\000t\000o\000r\000\040\000D\000o\000c\000u\000m\000e\000n\000t\000a\000t\000i\000o\000n}{section.6.5}% 110
\BOOKMARK [3][-]{subsubsection.6.5.2.1}{\376\377\000\137\000\137\000i\000n\000i\000t\000\137\000\137}{subsection.6.5.2}% 111
\BOOKMARK [2][-]{subsection.6.5.3}{\376\377\000M\000e\000m\000b\000e\000r\000\040\000F\000u\000n\000c\000t\000i\000o\000n\000\040\000D\000o\000c\000u\000m\000e\000n\000t\000a\000t\000i\000o\000n}{section.6.5}% 112
\BOOKMARK [3][-]{subsubsection.6.5.3.1}{\376\377\000\137\000\137\000s\000t\000r\000\137\000\137}{subsection.6.5.3}% 113
\BOOKMARK [3][-]{subsubsection.6.5.3.2}{\376\377\000i\000n\000s\000e\000r\000t}{subsection.6.5.3}% 114
\BOOKMARK [3][-]{subsubsection.6.5.3.3}{\376\377\000p\000r\000i\000n\000t\000\137\000a\000l\000l\000\137\000p\000o\000i\000n\000t\000s}{subsection.6.5.3}% 115
\BOOKMARK [3][-]{subsubsection.6.5.3.4}{\376\377\000q\000u\000e\000r\000y\000\137\000k\000\137\000n\000e\000a\000r\000e\000s\000t}{subsection.6.5.3}% 116
\BOOKMARK [3][-]{subsubsection.6.5.3.5}{\376\377\000q\000u\000e\000r\000y\000\137\000r\000a\000n\000g\000e}{subsection.6.5.3}% 117
\BOOKMARK [3][-]{subsubsection.6.5.3.6}{\376\377\000s\000i\000z\000e}{subsection.6.5.3}% 118
\BOOKMARK [2][-]{subsection.6.5.4}{\376\377\000M\000e\000m\000b\000e\000r\000\040\000D\000a\000t\000a\000\040\000D\000o\000c\000u\000m\000e\000n\000t\000a\000t\000i\000o\000n}{section.6.5}% 119
\BOOKMARK [3][-]{subsubsection.6.5.4.1}{\376\377\000b\000o\000x}{subsection.6.5.4}% 120
\BOOKMARK [3][-]{subsubsection.6.5.4.2}{\376\377\000n\000e}{subsection.6.5.4}% 121
\BOOKMARK [3][-]{subsubsection.6.5.4.3}{\376\377\000n\000w}{subsection.6.5.4}% 122
\BOOKMARK [3][-]{subsubsection.6.5.4.4}{\376\377\000p\000o\000i\000n\000t\000s}{subsection.6.5.4}% 123
\BOOKMARK [3][-]{subsubsection.6.5.4.5}{\376\377\000Q\000T\000\137\000N\000O\000D\000E\000\137\000C\000A\000P\000A\000C\000I\000T\000Y}{subsection.6.5.4}% 124
\BOOKMARK [3][-]{subsubsection.6.5.4.6}{\376\377\000s\000e}{subsection.6.5.4}% 125
\BOOKMARK [3][-]{subsubsection.6.5.4.7}{\376\377\000s\000w}{subsection.6.5.4}% 126
\BOOKMARK [1][-]{section.6.6}{\376\377\000p\000r\000q\000u\000a\000d\000t\000r\000e\000e\000\137\000t\000e\000s\000t\000.\000T\000e\000s\000t\000B\000o\000x\000\040\000C\000l\000a\000s\000s\000\040\000R\000e\000f\000e\000r\000e\000n\000c\000e}{chapter.6}% 127
\BOOKMARK [2][-]{subsection.6.6.1}{\376\377\000M\000e\000m\000b\000e\000r\000\040\000F\000u\000n\000c\000t\000i\000o\000n\000\040\000D\000o\000c\000u\000m\000e\000n\000t\000a\000t\000i\000o\000n}{section.6.6}% 128
\BOOKMARK [3][-]{subsubsection.6.6.1.1}{\376\377\000t\000e\000s\000t\000\137\000b\000o\000x\000\137\000c\000o\000n\000t\000a\000i\000n\000s}{subsection.6.6.1}% 129
\BOOKMARK [3][-]{subsubsection.6.6.1.2}{\376\377\000t\000e\000s\000t\000\137\000b\000o\000x\000\137\000i\000n\000s\000e\000r\000t}{subsection.6.6.1}% 130
\BOOKMARK [1][-]{section.6.7}{\376\377\000p\000r\000q\000u\000a\000d\000t\000r\000e\000e\000\137\000t\000e\000s\000t\000.\000T\000e\000s\000t\000P\000a\000r\000t\000i\000c\000l\000e\000\040\000C\000l\000a\000s\000s\000\040\000R\000e\000f\000e\000r\000e\000n\000c\000e}{chapter.6}% 131
\BOOKMARK [2][-]{subsection.6.7.1}{\376\377\000M\000e\000m\000b\000e\000r\000\040\000F\000u\000n\000c\000t\000i\000o\000n\000\040\000D\000o\000c\000u\000m\000e\000n\000t\000a\000t\000i\000o\000n}{section.6.7}% 132
\BOOKMARK [3][-]{subsubsection.6.7.1.1}{\376\377\000t\000e\000s\000t\000\137\000p\000a\000r\000t\000i\000c\000l\000e\000\137\000i\000n\000s\000e\000r\000t}{subsection.6.7.1}% 133
\BOOKMARK [1][-]{section.6.8}{\376\377\000p\000r\000q\000u\000a\000d\000t\000r\000e\000e\000\137\000t\000e\000s\000t\000.\000T\000e\000s\000t\000P\000o\000i\000n\000t\000\040\000C\000l\000a\000s\000s\000\040\000R\000e\000f\000e\000r\000e\000n\000c\000e}{chapter.6}% 134
\BOOKMARK [2][-]{subsection.6.8.1}{\376\377\000M\000e\000m\000b\000e\000r\000\040\000F\000u\000n\000c\000t\000i\000o\000n\000\040\000D\000o\000c\000u\000m\000e\000n\000t\000a\000t\000i\000o\000n}{section.6.8}% 135
\BOOKMARK [3][-]{subsubsection.6.8.1.1}{\376\377\000t\000e\000s\000t\000\137\000p\000o\000i\000n\000t\000\137\000i\000n\000s\000e\000r\000t}{subsection.6.8.1}% 136
\BOOKMARK [1][-]{section.6.9}{\376\377\000p\000r\000q\000u\000a\000d\000t\000r\000e\000e\000\137\000t\000e\000s\000t\000.\000T\000e\000s\000t\000P\000r\000Q\000u\000a\000d\000T\000r\000e\000e\000\040\000C\000l\000a\000s\000s\000\040\000R\000e\000f\000e\000r\000e\000n\000c\000e}{chapter.6}% 137
\BOOKMARK [2][-]{subsection.6.9.1}{\376\377\000M\000e\000m\000b\000e\000r\000\040\000F\000u\000n\000c\000t\000i\000o\000n\000\040\000D\000o\000c\000u\000m\000e\000n\000t\000a\000t\000i\000o\000n}{section.6.9}% 138
\BOOKMARK [3][-]{subsubsection.6.9.1.1}{\376\377\000t\000e\000s\000t\000\137\000i\000n\000s\000e\000r\000t}{subsection.6.9.1}% 139
\BOOKMARK [3][-]{subsubsection.6.9.1.2}{\376\377\000t\000e\000s\000t\000\137\000n\000e\000a\000r\000b\000y}{subsection.6.9.1}% 140
\BOOKMARK [0][-]{chapter.7}{\376\377\000F\000i\000l\000e\000\040\000D\000o\000c\000u\000m\000e\000n\000t\000a\000t\000i\000o\000n}{}% 141
\BOOKMARK [1][-]{section.7.1}{\376\377\000b\000a\000s\000k\000e\000t\000.\000p\000y\000\040\000F\000i\000l\000e\000\040\000R\000e\000f\000e\000r\000e\000n\000c\000e}{chapter.7}% 142
\BOOKMARK [1][-]{section.7.2}{\376\377\000b\000a\000s\000k\000e\000t\000\137\000r\000u\000n\000n\000e\000r\000.\000p\000y\000\040\000F\000i\000l\000e\000\040\000R\000e\000f\000e\000r\000e\000n\000c\000e}{chapter.7}% 143
\BOOKMARK [1][-]{section.7.3}{\376\377\000b\000a\000s\000k\000e\000t\000\137\000t\000e\000s\000t\000.\000p\000y\000\040\000F\000i\000l\000e\000\040\000R\000e\000f\000e\000r\000e\000n\000c\000e}{chapter.7}% 144
\BOOKMARK [1][-]{section.7.4}{\376\377\000e\000x\000p\000e\000r\000i\000m\000e\000n\000t\000.\000p\000y\000\040\000F\000i\000l\000e\000\040\000R\000e\000f\000e\000r\000e\000n\000c\000e}{chapter.7}% 145
\BOOKMARK [1][-]{section.7.5}{\376\377\000i\000m\000a\000g\000e\000\137\000s\000u\000p\000p\000o\000r\000t\000.\000p\000y\000\040\000F\000i\000l\000e\000\040\000R\000e\000f\000e\000r\000e\000n\000c\000e}{chapter.7}% 146
\BOOKMARK [1][-]{section.7.6}{\376\377\000p\000a\000r\000t\000i\000c\000l\000e\000f\000i\000l\000t\000e\000r\000.\000p\000y\000\040\000F\000i\000l\000e\000\040\000R\000e\000f\000e\000r\000e\000n\000c\000e}{chapter.7}% 147
\BOOKMARK [1][-]{section.7.7}{\376\377\000p\000r\000q\000u\000a\000d\000t\000r\000e\000e\000.\000p\000y\000\040\000F\000i\000l\000e\000\040\000R\000e\000f\000e\000r\000e\000n\000c\000e}{chapter.7}% 148
\BOOKMARK [1][-]{section.7.8}{\376\377\000p\000r\000q\000u\000a\000d\000t\000r\000e\000e\000\137\000t\000e\000s\000t\000.\000p\000y\000\040\000F\000i\000l\000e\000\040\000R\000e\000f\000e\000r\000e\000n\000c\000e}{chapter.7}% 149
\BOOKMARK [1][-]{section.7.9}{\376\377\000p\000r\000q\000u\000a\000d\000t\000r\000e\000e\000\137\000t\000e\000s\000t\000\137\000e\000x\000a\000m\000p\000l\000e\000.\000p\000y\000\040\000F\000i\000l\000e\000\040\000R\000e\000f\000e\000r\000e\000n\000c\000e}{chapter.7}% 150
\BOOKMARK [1][-]{section.7.10}{\376\377\000t\000e\000n\000n\000i\000s\000\137\000b\000a\000l\000l\000.\000p\000y\000\040\000F\000i\000l\000e\000\040\000R\000e\000f\000e\000r\000e\000n\000c\000e}{chapter.7}% 151
\BOOKMARK [1][-]{section.7.11}{\376\377\000t\000e\000n\000n\000i\000s\000\137\000b\000a\000l\000l\000\137\000r\000u\000n\000n\000e\000r\000.\000p\000y\000\040\000F\000i\000l\000e\000\040\000R\000e\000f\000e\000r\000e\000n\000c\000e}{chapter.7}% 152
\BOOKMARK [1][-]{section.7.12}{\376\377\000t\000e\000n\000n\000i\000s\000\137\000b\000a\000l\000l\000\137\000t\000e\000s\000t\000.\000p\000y\000\040\000F\000i\000l\000e\000\040\000R\000e\000f\000e\000r\000e\000n\000c\000e}{chapter.7}% 153
\BOOKMARK [1][-]{section.7.13}{\376\377\000v\000i\000s\000u\000a\000l\000.\000h\000\040\000F\000i\000l\000e\000\040\000R\000e\000f\000e\000r\000e\000n\000c\000e}{chapter.7}% 154
\BOOKMARK [2][-]{subsection.7.13.1}{\376\377\000F\000u\000n\000c\000t\000i\000o\000n\000\040\000D\000o\000c\000u\000m\000e\000n\000t\000a\000t\000i\000o\000n}{section.7.13}% 155
\BOOKMARK [3][-]{subsubsection.7.13.1.1}{\376\377\000g\000e\000t\000\137\000o\000b\000j\000e\000c\000t\000s}{subsection.7.13.1}% 156
\BOOKMARK [3][-]{subsubsection.7.13.1.2}{\376\377\000s\000e\000t\000\137\000o\000b\000j\000e\000c\000t\000s}{subsection.7.13.1}% 157
\BOOKMARK [3][-]{subsubsection.7.13.1.3}{\376\377\000s\000t\000a\000r\000t\000\137\000v\000i\000s\000u\000a\000l}{subsection.7.13.1}% 158
\BOOKMARK [3][-]{subsubsection.7.13.1.4}{\376\377\000s\000t\000o\000p\000\137\000v\000i\000s\000u\000a\000l}{subsection.7.13.1}% 159
\BOOKMARK [0][-]{section*.55}{\376\377\000I\000n\000d\000e\000x}{}% 160
